<?xml version="1.0" encoding="UTF-8"?>
<testng-results skipped="0" failed="0" total="1" passed="1">
  <reporter-output>
  </reporter-output>
  <suite name="Regression Suite" duration-ms="1966" started-at="2020-03-16T03:45:33Z" finished-at="2020-03-16T03:45:35Z">
    <groups>
      <group name="cucumber">
        <method signature="AbstractTestNGCucumberTests.feature(cucumber.api.testng.CucumberFeatureWrapper)[pri:0, instance:Runner.Runner@6a400542]" name="feature" class="cucumber.api.testng.AbstractTestNGCucumberTests"/>
      </group> <!-- cucumber -->
    </groups>
    <test name="Mac Chrome Local regression test" duration-ms="1966" started-at="2020-03-16T03:45:33Z" finished-at="2020-03-16T03:45:35Z">
      <class name="Runner.Runner">
        <test-method status="PASS" signature="beforeSuite()[pri:0, instance:Runner.Runner@6a400542]" name="beforeSuite" is-config="true" duration-ms="13" started-at="2020-03-15T23:45:33Z" finished-at="2020-03-15T23:45:33Z">
          <reporter-output>
          </reporter-output>
        </test-method> <!-- beforeSuite -->
        <test-method status="PASS" signature="setUpClass()[pri:0, instance:Runner.Runner@6a400542]" name="setUpClass" is-config="true" duration-ms="154" started-at="2020-03-15T23:45:33Z" finished-at="2020-03-15T23:45:33Z">
          <reporter-output>
          </reporter-output>
        </test-method> <!-- setUpClass -->
        <test-method status="PASS" signature="beforeClass()[pri:0, instance:Runner.Runner@6a400542]" name="beforeClass" is-config="true" duration-ms="1" started-at="2020-03-15T23:45:33Z" finished-at="2020-03-15T23:45:33Z">
          <reporter-output>
          </reporter-output>
        </test-method> <!-- beforeClass -->
        <test-method status="PASS" signature="feature(cucumber.api.testng.CucumberFeatureWrapper)[pri:0, instance:Runner.Runner@6a400542]" name="feature" duration-ms="1701" started-at="2020-03-15T23:45:33Z" description="Runs Cucumber Feature" data-provider="features" finished-at="2020-03-15T23:45:35Z">
          <params>
            <param index="0">
              <value>
                <![CDATA[login feature]]>
              </value>
            </param>
          </params>
          <reporter-output>
          </reporter-output>
        </test-method> <!-- feature -->
        <test-method status="PASS" signature="tearDownClass()[pri:0, instance:Runner.Runner@6a400542]" name="tearDownClass" is-config="true" duration-ms="3" started-at="2020-03-15T23:45:35Z" finished-at="2020-03-15T23:45:35Z">
          <reporter-output>
          </reporter-output>
        </test-method> <!-- tearDownClass -->
      </class> <!-- Runner.Runner -->
    </test> <!-- Mac Chrome Local regression test -->
  </suite> <!-- Regression Suite -->
</testng-results>
